2020-11-16 17:21:10,430 DEBUG simulation.App main DEBUG Message 
2020-11-16 17:21:10,435 INFO simulation.App main INFO Message 
2020-11-16 17:21:10,435 WARN simulation.App main WARN Message 
2020-11-16 17:21:10,435 ERROR simulation.App main ERROR Message 
2020-11-16 17:21:10,435 FATAL simulation.App main Fatal Message 
2020-11-17 09:48:24,464 DEBUG simulation.App main DEBUG Message 
2020-11-17 09:48:24,471 INFO simulation.App main INFO Message 
2020-11-17 09:48:24,471 WARN simulation.App main WARN Message 
2020-11-17 09:48:24,471 ERROR simulation.App main ERROR Message 
2020-11-17 09:48:24,471 FATAL simulation.App main Fatal Message 
2020-11-17 12:21:05,595 DEBUG simulation.App main DEBUG Message 
2020-11-17 12:21:05,598 INFO simulation.App main INFO Message 
2020-11-17 12:21:05,598 WARN simulation.App main WARN Message 
2020-11-17 12:21:05,598 ERROR simulation.App main ERROR Message 
2020-11-17 12:21:05,598 FATAL simulation.App main Fatal Message 
2020-11-17 13:34:51,085 DEBUG simulation.App main DEBUG Message 
2020-11-17 13:34:51,088 INFO simulation.App main INFO Message 
2020-11-17 13:34:51,088 WARN simulation.App main WARN Message 
2020-11-17 13:34:51,088 ERROR simulation.App main ERROR Message 
2020-11-17 13:34:51,088 FATAL simulation.App main Fatal Message 
2020-11-17 16:23:52,689 DEBUG simulation.App main DEBUG Message 
2020-11-17 16:23:52,692 INFO simulation.App main INFO Message 
2020-11-17 16:23:52,692 WARN simulation.App main WARN Message 
2020-11-17 16:23:52,692 ERROR simulation.App main ERROR Message 
2020-11-17 16:23:52,692 FATAL simulation.App main Fatal Message 
2020-11-17 16:24:04,611 DEBUG simulation.App main DEBUG Message 
2020-11-17 16:24:04,615 INFO simulation.App main INFO Message 
2020-11-17 16:24:04,615 WARN simulation.App main WARN Message 
2020-11-17 16:24:04,615 ERROR simulation.App main ERROR Message 
2020-11-17 16:24:04,615 FATAL simulation.App main Fatal Message 
2020-11-17 17:34:30,034 DEBUG simulation.App main DEBUG Message 
2020-11-17 17:34:30,038 INFO simulation.App main INFO Message 
2020-11-17 17:34:30,038 WARN simulation.App main WARN Message 
2020-11-17 17:34:30,038 ERROR simulation.App main ERROR Message 
2020-11-17 17:34:30,038 FATAL simulation.App main Fatal Message 
2020-11-17 17:34:40,150 DEBUG simulation.App main DEBUG Message 
2020-11-17 17:34:40,153 INFO simulation.App main INFO Message 
2020-11-17 17:34:40,153 WARN simulation.App main WARN Message 
2020-11-17 17:34:40,153 ERROR simulation.App main ERROR Message 
2020-11-17 17:34:40,153 FATAL simulation.App main Fatal Message 
2020-11-18 09:44:24,921 DEBUG simulation.App main DEBUG Message 
2020-11-18 09:44:24,927 INFO simulation.App main INFO Message 
2020-11-18 09:44:24,927 WARN simulation.App main WARN Message 
2020-11-18 09:44:24,927 ERROR simulation.App main ERROR Message 
2020-11-18 09:44:24,927 FATAL simulation.App main Fatal Message 
